{"/Users/afroyogo/Projects/React/bbva-red-light-green-light/src/components/GameButton.js": {"path":"/Users/afroyogo/Projects/React/bbva-red-light-green-light/src/components/GameButton.js","statementMap":{"0":{"start":{"line":4,"column":19},"end":{"line":10,"column":1}},"1":{"start":{"line":5,"column":2},"end":{"line":9,"column":4}},"2":{"start":{"line":12,"column":0},"end":{"line":17,"column":2}}},"fnMap":{"0":{"name":"(anonymous_0)","decl":{"start":{"line":4,"column":19},"end":{"line":4,"column":20}},"loc":{"start":{"line":4,"column":65},"end":{"line":10,"column":1}},"line":4}},"branchMap":{},"s":{"0":2,"1":8,"2":2},"f":{"0":8},"b":{},"_coverageSchema":"1a1c01bbd47fc00a2c39e90264f33305004495a9","hash":"b6d617ca6a6f30c6df7536b85a0d71ef22047681"}
,"/Users/afroyogo/Projects/React/bbva-red-light-green-light/src/components/GameInput.js": {"path":"/Users/afroyogo/Projects/React/bbva-red-light-green-light/src/components/GameInput.js","statementMap":{"0":{"start":{"line":6,"column":18},"end":{"line":15,"column":1}},"1":{"start":{"line":7,"column":2},"end":{"line":14,"column":4}},"2":{"start":{"line":18,"column":0},"end":{"line":20,"column":2}}},"fnMap":{"0":{"name":"(anonymous_0)","decl":{"start":{"line":6,"column":18},"end":{"line":6,"column":19}},"loc":{"start":{"line":6,"column":44},"end":{"line":15,"column":1}},"line":6}},"branchMap":{},"s":{"0":1,"1":2,"2":1},"f":{"0":2},"b":{},"_coverageSchema":"1a1c01bbd47fc00a2c39e90264f33305004495a9","hash":"f91a63a7d6b963d77f169fd17b81d65110e77074"}
,"/Users/afroyogo/Projects/React/bbva-red-light-green-light/src/components/GameText.js": {"path":"/Users/afroyogo/Projects/React/bbva-red-light-green-light/src/components/GameText.js","statementMap":{"0":{"start":{"line":4,"column":17},"end":{"line":6,"column":1}},"1":{"start":{"line":5,"column":2},"end":{"line":5,"column":75}},"2":{"start":{"line":8,"column":0},"end":{"line":11,"column":2}}},"fnMap":{"0":{"name":"(anonymous_0)","decl":{"start":{"line":4,"column":17},"end":{"line":4,"column":18}},"loc":{"start":{"line":4,"column":43},"end":{"line":6,"column":1}},"line":4}},"branchMap":{"0":{"loc":{"start":{"line":5,"column":23},"end":{"line":5,"column":62}},"type":"cond-expr","locations":[{"start":{"line":5,"column":36},"end":{"line":5,"column":46}},{"start":{"line":5,"column":49},"end":{"line":5,"column":62}}],"line":5}},"s":{"0":1,"1":3,"2":1},"f":{"0":3},"b":{"0":[1,2]},"_coverageSchema":"1a1c01bbd47fc00a2c39e90264f33305004495a9","hash":"0c1b7f9d8e9035833834d2605a94ca23d5e9eee9"}
,"/Users/afroyogo/Projects/React/bbva-red-light-green-light/src/components/ScoreboardEntry.js": {"path":"/Users/afroyogo/Projects/React/bbva-red-light-green-light/src/components/ScoreboardEntry.js","statementMap":{"0":{"start":{"line":4,"column":24},"end":{"line":11,"column":1}},"1":{"start":{"line":5,"column":2},"end":{"line":10,"column":4}},"2":{"start":{"line":13,"column":0},"end":{"line":15,"column":2}}},"fnMap":{"0":{"name":"(anonymous_0)","decl":{"start":{"line":4,"column":24},"end":{"line":4,"column":25}},"loc":{"start":{"line":4,"column":44},"end":{"line":11,"column":1}},"line":4}},"branchMap":{},"s":{"0":1,"1":1,"2":1},"f":{"0":1},"b":{},"_coverageSchema":"1a1c01bbd47fc00a2c39e90264f33305004495a9","hash":"00db1b5dd3c697395c103644dba4c51a09857c0d"}
,"/Users/afroyogo/Projects/React/bbva-red-light-green-light/src/services/dataPersistanceService.js": {"path":"/Users/afroyogo/Projects/React/bbva-red-light-green-light/src/services/dataPersistanceService.js","statementMap":{"0":{"start":{"line":5,"column":4},"end":{"line":8,"column":6}},"1":{"start":{"line":13,"column":19},"end":{"line":14,"column":30}},"2":{"start":{"line":15,"column":4},"end":{"line":16,"column":55}},"3":{"start":{"line":21,"column":4},"end":{"line":24,"column":6}},"4":{"start":{"line":29,"column":19},"end":{"line":29,"column":78}},"5":{"start":{"line":30,"column":4},"end":{"line":30,"column":44}},"6":{"start":{"line":35,"column":4},"end":{"line":35,"column":62}},"7":{"start":{"line":41,"column":22},"end":{"line":41,"column":44}},"8":{"start":{"line":44,"column":25},"end":{"line":47,"column":5}},"9":{"start":{"line":50,"column":17},"end":{"line":57,"column":6}},"10":{"start":{"line":51,"column":6},"end":{"line":56,"column":7}},"11":{"start":{"line":52,"column":8},"end":{"line":54,"column":9}},"12":{"start":{"line":53,"column":10},"end":{"line":53,"column":53}},"13":{"start":{"line":55,"column":8},"end":{"line":55,"column":20}},"14":{"start":{"line":60,"column":4},"end":{"line":62,"column":5}},"15":{"start":{"line":61,"column":6},"end":{"line":61,"column":39}},"16":{"start":{"line":64,"column":4},"end":{"line":64,"column":58}},"17":{"start":{"line":64,"column":31},"end":{"line":64,"column":56}},"18":{"start":{"line":67,"column":4},"end":{"line":70,"column":6}},"19":{"start":{"line":75,"column":21},"end":{"line":75,"column":75}},"20":{"start":{"line":76,"column":4},"end":{"line":76,"column":56}}},"fnMap":{"0":{"name":"(anonymous_0)","decl":{"start":{"line":4,"column":2},"end":{"line":4,"column":3}},"loc":{"start":{"line":4,"column":32},"end":{"line":9,"column":3}},"line":4},"1":{"name":"(anonymous_1)","decl":{"start":{"line":12,"column":2},"end":{"line":12,"column":3}},"loc":{"start":{"line":12,"column":24},"end":{"line":17,"column":3}},"line":12},"2":{"name":"(anonymous_2)","decl":{"start":{"line":20,"column":2},"end":{"line":20,"column":3}},"loc":{"start":{"line":20,"column":33},"end":{"line":25,"column":3}},"line":20},"3":{"name":"(anonymous_3)","decl":{"start":{"line":28,"column":2},"end":{"line":28,"column":3}},"loc":{"start":{"line":28,"column":32},"end":{"line":31,"column":3}},"line":28},"4":{"name":"(anonymous_4)","decl":{"start":{"line":34,"column":2},"end":{"line":34,"column":3}},"loc":{"start":{"line":34,"column":32},"end":{"line":36,"column":3}},"line":34},"5":{"name":"(anonymous_5)","decl":{"start":{"line":39,"column":2},"end":{"line":39,"column":3}},"loc":{"start":{"line":39,"column":39},"end":{"line":71,"column":3}},"line":39},"6":{"name":"(anonymous_6)","decl":{"start":{"line":50,"column":34},"end":{"line":50,"column":35}},"loc":{"start":{"line":50,"column":45},"end":{"line":57,"column":5}},"line":50},"7":{"name":"(anonymous_7)","decl":{"start":{"line":64,"column":21},"end":{"line":64,"column":22}},"loc":{"start":{"line":64,"column":31},"end":{"line":64,"column":56}},"line":64},"8":{"name":"(anonymous_8)","decl":{"start":{"line":74,"column":2},"end":{"line":74,"column":3}},"loc":{"start":{"line":74,"column":27},"end":{"line":77,"column":3}},"line":74}},"branchMap":{"0":{"loc":{"start":{"line":15,"column":11},"end":{"line":16,"column":54}},"type":"binary-expr","locations":[{"start":{"line":15,"column":11},"end":{"line":15,"column":19}},{"start":{"line":16,"column":6},"end":{"line":16,"column":54}}],"line":15},"1":{"loc":{"start":{"line":30,"column":11},"end":{"line":30,"column":43}},"type":"binary-expr","locations":[{"start":{"line":30,"column":11},"end":{"line":30,"column":19}},{"start":{"line":30,"column":23},"end":{"line":30,"column":43}}],"line":30},"2":{"loc":{"start":{"line":51,"column":6},"end":{"line":56,"column":7}},"type":"if","locations":[{"start":{"line":51,"column":6},"end":{"line":56,"column":7}},{"start":{},"end":{}}],"line":51},"3":{"loc":{"start":{"line":52,"column":8},"end":{"line":54,"column":9}},"type":"if","locations":[{"start":{"line":52,"column":8},"end":{"line":54,"column":9}},{"start":{},"end":{}}],"line":52},"4":{"loc":{"start":{"line":60,"column":4},"end":{"line":62,"column":5}},"type":"if","locations":[{"start":{"line":60,"column":4},"end":{"line":62,"column":5}},{"start":{},"end":{}}],"line":60},"5":{"loc":{"start":{"line":76,"column":11},"end":{"line":76,"column":55}},"type":"binary-expr","locations":[{"start":{"line":76,"column":12},"end":{"line":76,"column":22}},{"start":{"line":76,"column":26},"end":{"line":76,"column":48}},{"start":{"line":76,"column":53},"end":{"line":76,"column":55}}],"line":76}},"s":{"0":1,"1":3,"2":3,"3":9,"4":3,"5":3,"6":3,"7":9,"8":9,"9":9,"10":7,"11":7,"12":1,"13":7,"14":9,"15":2,"16":9,"17":0,"18":9,"19":10,"20":10},"f":{"0":1,"1":3,"2":9,"3":3,"4":3,"5":9,"6":7,"7":0,"8":10},"b":{"0":[3,1],"1":[3,2],"2":[7,0],"3":[1,6],"4":[2,7],"5":[10,8,2]},"_coverageSchema":"1a1c01bbd47fc00a2c39e90264f33305004495a9","hash":"682e6e614c2c246bcd038fd65ff197000ae2c763"}
,"/Users/afroyogo/Projects/React/bbva-red-light-green-light/src/services/gameService.js": {"path":"/Users/afroyogo/Projects/React/bbva-red-light-green-light/src/services/gameService.js","statementMap":{"0":{"start":{"line":7,"column":4},"end":{"line":7,"column":23}},"1":{"start":{"line":8,"column":4},"end":{"line":8,"column":21}},"2":{"start":{"line":9,"column":4},"end":{"line":9,"column":20}},"3":{"start":{"line":10,"column":4},"end":{"line":10,"column":33}},"4":{"start":{"line":13,"column":4},"end":{"line":13,"column":27}},"5":{"start":{"line":14,"column":4},"end":{"line":14,"column":32}},"6":{"start":{"line":16,"column":4},"end":{"line":16,"column":71}},"7":{"start":{"line":21,"column":26},"end":{"line":23,"column":5}},"8":{"start":{"line":24,"column":21},"end":{"line":24,"column":60}},"9":{"start":{"line":26,"column":4},"end":{"line":28,"column":5}},"10":{"start":{"line":27,"column":6},"end":{"line":27,"column":41}},"11":{"start":{"line":30,"column":4},"end":{"line":32,"column":22}},"12":{"start":{"line":37,"column":4},"end":{"line":37,"column":23}},"13":{"start":{"line":42,"column":4},"end":{"line":42,"column":46}},"14":{"start":{"line":43,"column":4},"end":{"line":46,"column":6}},"15":{"start":{"line":44,"column":12},"end":{"line":44,"column":35}},"16":{"start":{"line":51,"column":4},"end":{"line":54,"column":6}},"17":{"start":{"line":52,"column":12},"end":{"line":52,"column":33}},"18":{"start":{"line":59,"column":4},"end":{"line":59,"column":26}},"19":{"start":{"line":60,"column":4},"end":{"line":60,"column":24}},"20":{"start":{"line":65,"column":4},"end":{"line":65,"column":46}},"21":{"start":{"line":70,"column":4},"end":{"line":70,"column":44}},"22":{"start":{"line":75,"column":4},"end":{"line":75,"column":48}},"23":{"start":{"line":80,"column":4},"end":{"line":80,"column":47}},"24":{"start":{"line":85,"column":23},"end":{"line":85,"column":43}},"25":{"start":{"line":87,"column":0},"end":{"line":96,"column":2}},"26":{"start":{"line":88,"column":16},"end":{"line":88,"column":43}},"27":{"start":{"line":90,"column":2},"end":{"line":90,"column":18}},"28":{"start":{"line":91,"column":2},"end":{"line":91,"column":22}},"29":{"start":{"line":93,"column":2},"end":{"line":93,"column":30}},"30":{"start":{"line":95,"column":2},"end":{"line":95,"column":40}}},"fnMap":{"0":{"name":"(anonymous_0)","decl":{"start":{"line":5,"column":2},"end":{"line":5,"column":3}},"loc":{"start":{"line":5,"column":30},"end":{"line":17,"column":3}},"line":5},"1":{"name":"(anonymous_1)","decl":{"start":{"line":20,"column":2},"end":{"line":20,"column":3}},"loc":{"start":{"line":20,"column":16},"end":{"line":33,"column":3}},"line":20},"2":{"name":"(anonymous_2)","decl":{"start":{"line":36,"column":2},"end":{"line":36,"column":3}},"loc":{"start":{"line":36,"column":18},"end":{"line":38,"column":3}},"line":36},"3":{"name":"(anonymous_3)","decl":{"start":{"line":41,"column":2},"end":{"line":41,"column":3}},"loc":{"start":{"line":41,"column":20},"end":{"line":47,"column":3}},"line":41},"4":{"name":"(anonymous_4)","decl":{"start":{"line":44,"column":6},"end":{"line":44,"column":7}},"loc":{"start":{"line":44,"column":12},"end":{"line":44,"column":35}},"line":44},"5":{"name":"(anonymous_5)","decl":{"start":{"line":50,"column":2},"end":{"line":50,"column":3}},"loc":{"start":{"line":50,"column":18},"end":{"line":55,"column":3}},"line":50},"6":{"name":"(anonymous_6)","decl":{"start":{"line":52,"column":6},"end":{"line":52,"column":7}},"loc":{"start":{"line":52,"column":12},"end":{"line":52,"column":33}},"line":52},"7":{"name":"(anonymous_7)","decl":{"start":{"line":58,"column":2},"end":{"line":58,"column":3}},"loc":{"start":{"line":58,"column":18},"end":{"line":61,"column":3}},"line":58},"8":{"name":"(anonymous_8)","decl":{"start":{"line":64,"column":2},"end":{"line":64,"column":3}},"loc":{"start":{"line":64,"column":19},"end":{"line":66,"column":3}},"line":64},"9":{"name":"(anonymous_9)","decl":{"start":{"line":69,"column":2},"end":{"line":69,"column":3}},"loc":{"start":{"line":69,"column":17},"end":{"line":71,"column":3}},"line":69},"10":{"name":"(anonymous_10)","decl":{"start":{"line":74,"column":2},"end":{"line":74,"column":3}},"loc":{"start":{"line":74,"column":21},"end":{"line":76,"column":3}},"line":74},"11":{"name":"(anonymous_11)","decl":{"start":{"line":79,"column":2},"end":{"line":79,"column":3}},"loc":{"start":{"line":79,"column":19},"end":{"line":81,"column":3}},"line":79},"12":{"name":"(anonymous_12)","decl":{"start":{"line":87,"column":23},"end":{"line":87,"column":24}},"loc":{"start":{"line":87,"column":45},"end":{"line":96,"column":1}},"line":87}},"branchMap":{"0":{"loc":{"start":{"line":16,"column":4},"end":{"line":16,"column":70}},"type":"cond-expr","locations":[{"start":{"line":16,"column":25},"end":{"line":16,"column":47}},{"start":{"line":16,"column":50},"end":{"line":16,"column":70}}],"line":16},"1":{"loc":{"start":{"line":26,"column":4},"end":{"line":28,"column":5}},"type":"if","locations":[{"start":{"line":26,"column":4},"end":{"line":28,"column":5}},{"start":{},"end":{}}],"line":26}},"s":{"0":12,"1":12,"2":12,"3":12,"4":12,"5":12,"6":12,"7":10,"8":10,"9":10,"10":0,"11":10,"12":4,"13":10,"14":10,"15":0,"16":7,"17":0,"18":2,"19":2,"20":3,"21":3,"22":1,"23":1,"24":2,"25":2,"26":0,"27":0,"28":0,"29":0,"30":0},"f":{"0":12,"1":10,"2":4,"3":10,"4":0,"5":7,"6":0,"7":2,"8":3,"9":3,"10":1,"11":1,"12":0},"b":{"0":[8,4],"1":[0,10]},"_coverageSchema":"1a1c01bbd47fc00a2c39e90264f33305004495a9","hash":"c96e6d17dbbe6f5ab31f6522d0d15f4c2963da0f"}
,"/Users/afroyogo/Projects/React/bbva-red-light-green-light/src/views/Game.js": {"path":"/Users/afroyogo/Projects/React/bbva-red-light-green-light/src/views/Game.js","statementMap":{"0":{"start":{"line":19,"column":4},"end":{"line":19,"column":17}},"1":{"start":{"line":21,"column":4},"end":{"line":27,"column":6}},"2":{"start":{"line":30,"column":4},"end":{"line":30,"column":51}},"3":{"start":{"line":31,"column":4},"end":{"line":31,"column":45}},"4":{"start":{"line":32,"column":4},"end":{"line":32,"column":57}},"5":{"start":{"line":37,"column":24},"end":{"line":39,"column":5}},"6":{"start":{"line":41,"column":21},"end":{"line":41,"column":71}},"7":{"start":{"line":42,"column":28},"end":{"line":44,"column":20}},"8":{"start":{"line":45,"column":33},"end":{"line":45,"column":77}},"9":{"start":{"line":47,"column":4},"end":{"line":51,"column":7}},"10":{"start":{"line":53,"column":4},"end":{"line":53,"column":66}},"11":{"start":{"line":54,"column":4},"end":{"line":54,"column":67}},"12":{"start":{"line":60,"column":26},"end":{"line":60,"column":66}},"13":{"start":{"line":62,"column":4},"end":{"line":66,"column":5}},"14":{"start":{"line":63,"column":6},"end":{"line":63,"column":32}},"15":{"start":{"line":64,"column":11},"end":{"line":66,"column":5}},"16":{"start":{"line":65,"column":6},"end":{"line":65,"column":30}},"17":{"start":{"line":67,"column":4},"end":{"line":67,"column":20}},"18":{"start":{"line":72,"column":4},"end":{"line":72,"column":28}},"19":{"start":{"line":73,"column":4},"end":{"line":73,"column":70}},"20":{"start":{"line":79,"column":6},"end":{"line":81,"column":33}},"21":{"start":{"line":82,"column":16},"end":{"line":82,"column":32}},"22":{"start":{"line":83,"column":18},"end":{"line":83,"column":38}},"23":{"start":{"line":85,"column":4},"end":{"line":96,"column":5}},"24":{"start":{"line":86,"column":6},"end":{"line":93,"column":7}},"25":{"start":{"line":90,"column":8},"end":{"line":90,"column":16}},"26":{"start":{"line":92,"column":8},"end":{"line":92,"column":16}},"27":{"start":{"line":95,"column":6},"end":{"line":95,"column":27}},"28":{"start":{"line":98,"column":4},"end":{"line":100,"column":5}},"29":{"start":{"line":99,"column":6},"end":{"line":99,"column":22}},"30":{"start":{"line":103,"column":4},"end":{"line":107,"column":7}},"31":{"start":{"line":110,"column":4},"end":{"line":110,"column":28}},"32":{"start":{"line":115,"column":19},"end":{"line":120,"column":5}},"33":{"start":{"line":121,"column":4},"end":{"line":121,"column":71}},"34":{"start":{"line":122,"column":4},"end":{"line":125,"column":6}},"35":{"start":{"line":130,"column":4},"end":{"line":135,"column":5}},"36":{"start":{"line":131,"column":21},"end":{"line":131,"column":26}},"37":{"start":{"line":132,"column":6},"end":{"line":134,"column":7}},"38":{"start":{"line":133,"column":8},"end":{"line":133,"column":44}},"39":{"start":{"line":139,"column":4},"end":{"line":177,"column":6}},"40":{"start":{"line":146,"column":14},"end":{"line":146,"column":43}},"41":{"start":{"line":168,"column":27},"end":{"line":168,"column":65}},"42":{"start":{"line":173,"column":27},"end":{"line":173,"column":66}},"43":{"start":{"line":181,"column":0},"end":{"line":183,"column":2}}},"fnMap":{"0":{"name":"(anonymous_0)","decl":{"start":{"line":18,"column":2},"end":{"line":18,"column":3}},"loc":{"start":{"line":18,"column":21},"end":{"line":33,"column":3}},"line":18},"1":{"name":"(anonymous_1)","decl":{"start":{"line":36,"column":2},"end":{"line":36,"column":3}},"loc":{"start":{"line":36,"column":22},"end":{"line":55,"column":3}},"line":36},"2":{"name":"(anonymous_2)","decl":{"start":{"line":58,"column":2},"end":{"line":58,"column":3}},"loc":{"start":{"line":58,"column":43},"end":{"line":68,"column":3}},"line":58},"3":{"name":"(anonymous_3)","decl":{"start":{"line":71,"column":2},"end":{"line":71,"column":3}},"loc":{"start":{"line":71,"column":25},"end":{"line":74,"column":3}},"line":71},"4":{"name":"(anonymous_4)","decl":{"start":{"line":77,"column":2},"end":{"line":77,"column":3}},"loc":{"start":{"line":77,"column":29},"end":{"line":111,"column":3}},"line":77},"5":{"name":"(anonymous_5)","decl":{"start":{"line":114,"column":2},"end":{"line":114,"column":3}},"loc":{"start":{"line":114,"column":13},"end":{"line":126,"column":3}},"line":114},"6":{"name":"(anonymous_6)","decl":{"start":{"line":129,"column":2},"end":{"line":129,"column":3}},"loc":{"start":{"line":129,"column":20},"end":{"line":136,"column":3}},"line":129},"7":{"name":"(anonymous_7)","decl":{"start":{"line":138,"column":2},"end":{"line":138,"column":3}},"loc":{"start":{"line":138,"column":11},"end":{"line":178,"column":3}},"line":138},"8":{"name":"(anonymous_8)","decl":{"start":{"line":145,"column":21},"end":{"line":145,"column":22}},"loc":{"start":{"line":145,"column":27},"end":{"line":147,"column":13}},"line":145},"9":{"name":"(anonymous_9)","decl":{"start":{"line":168,"column":21},"end":{"line":168,"column":22}},"loc":{"start":{"line":168,"column":27},"end":{"line":168,"column":65}},"line":168},"10":{"name":"(anonymous_10)","decl":{"start":{"line":173,"column":21},"end":{"line":173,"column":22}},"loc":{"start":{"line":173,"column":27},"end":{"line":173,"column":66}},"line":173}},"branchMap":{"0":{"loc":{"start":{"line":41,"column":21},"end":{"line":41,"column":71}},"type":"cond-expr","locations":[{"start":{"line":41,"column":37},"end":{"line":41,"column":56}},{"start":{"line":41,"column":59},"end":{"line":41,"column":71}}],"line":41},"1":{"loc":{"start":{"line":42,"column":28},"end":{"line":44,"column":20}},"type":"cond-expr","locations":[{"start":{"line":43,"column":8},"end":{"line":43,"column":31}},{"start":{"line":44,"column":8},"end":{"line":44,"column":20}}],"line":42},"2":{"loc":{"start":{"line":45,"column":33},"end":{"line":45,"column":77}},"type":"cond-expr","locations":[{"start":{"line":45,"column":49},"end":{"line":45,"column":70}},{"start":{"line":45,"column":73},"end":{"line":45,"column":77}}],"line":45},"3":{"loc":{"start":{"line":62,"column":4},"end":{"line":66,"column":5}},"type":"if","locations":[{"start":{"line":62,"column":4},"end":{"line":66,"column":5}},{"start":{"line":64,"column":11},"end":{"line":66,"column":5}}],"line":62},"4":{"loc":{"start":{"line":62,"column":8},"end":{"line":62,"column":45}},"type":"binary-expr","locations":[{"start":{"line":62,"column":8},"end":{"line":62,"column":23}},{"start":{"line":62,"column":27},"end":{"line":62,"column":45}}],"line":62},"5":{"loc":{"start":{"line":64,"column":11},"end":{"line":66,"column":5}},"type":"if","locations":[{"start":{"line":64,"column":11},"end":{"line":66,"column":5}},{"start":{},"end":{}}],"line":64},"6":{"loc":{"start":{"line":64,"column":15},"end":{"line":64,"column":53}},"type":"binary-expr","locations":[{"start":{"line":64,"column":15},"end":{"line":64,"column":30}},{"start":{"line":64,"column":34},"end":{"line":64,"column":53}}],"line":64},"7":{"loc":{"start":{"line":79,"column":6},"end":{"line":81,"column":33}},"type":"cond-expr","locations":[{"start":{"line":80,"column":10},"end":{"line":80,"column":32}},{"start":{"line":81,"column":10},"end":{"line":81,"column":33}}],"line":79},"8":{"loc":{"start":{"line":85,"column":4},"end":{"line":96,"column":5}},"type":"if","locations":[{"start":{"line":85,"column":4},"end":{"line":96,"column":5}},{"start":{"line":94,"column":11},"end":{"line":96,"column":5}}],"line":85},"9":{"loc":{"start":{"line":86,"column":6},"end":{"line":93,"column":7}},"type":"if","locations":[{"start":{"line":86,"column":6},"end":{"line":93,"column":7}},{"start":{"line":91,"column":13},"end":{"line":93,"column":7}}],"line":86},"10":{"loc":{"start":{"line":87,"column":8},"end":{"line":88,"column":39}},"type":"binary-expr","locations":[{"start":{"line":87,"column":8},"end":{"line":87,"column":67}},{"start":{"line":88,"column":8},"end":{"line":88,"column":39}}],"line":87},"11":{"loc":{"start":{"line":98,"column":4},"end":{"line":100,"column":5}},"type":"if","locations":[{"start":{"line":98,"column":4},"end":{"line":100,"column":5}},{"start":{},"end":{}}],"line":98},"12":{"loc":{"start":{"line":130,"column":4},"end":{"line":135,"column":5}},"type":"if","locations":[{"start":{"line":130,"column":4},"end":{"line":135,"column":5}},{"start":{},"end":{}}],"line":130},"13":{"loc":{"start":{"line":132,"column":6},"end":{"line":134,"column":7}},"type":"if","locations":[{"start":{"line":132,"column":6},"end":{"line":134,"column":7}},{"start":{},"end":{}}],"line":132},"14":{"loc":{"start":{"line":155,"column":11},"end":{"line":159,"column":11}},"type":"cond-expr","locations":[{"start":{"line":156,"column":12},"end":{"line":156,"column":68}},{"start":{"line":158,"column":12},"end":{"line":158,"column":66}}],"line":155}},"s":{"0":2,"1":2,"2":2,"3":2,"4":2,"5":2,"6":2,"7":2,"8":2,"9":2,"10":2,"11":2,"12":8,"13":8,"14":1,"15":7,"16":2,"17":8,"18":1,"19":1,"20":3,"21":3,"22":3,"23":3,"24":2,"25":1,"26":1,"27":1,"28":3,"29":1,"30":3,"31":3,"32":8,"33":8,"34":8,"35":1,"36":0,"37":0,"38":0,"39":10,"40":0,"41":0,"42":0,"43":1},"f":{"0":2,"1":2,"2":8,"3":1,"4":3,"5":8,"6":1,"7":10,"8":0,"9":0,"10":0},"b":{"0":[1,1],"1":[1,1],"2":[1,1],"3":[1,7],"4":[8,3],"5":[2,5],"6":[7,2],"7":[0,3],"8":[2,1],"9":[1,1],"10":[2,1],"11":[1,2],"12":[0,1],"13":[0,0],"14":[7,3]},"_coverageSchema":"1a1c01bbd47fc00a2c39e90264f33305004495a9","hash":"662600e664d1b2d27a4cd424ca5a17f55d05d4de"}
}
