{"/Users/afroyogo/Projects/React/bbva-red-light-green-light/src/App.js": {"path":"/Users/afroyogo/Projects/React/bbva-red-light-green-light/src/App.js","statementMap":{"0":{"start":{"line":14,"column":2},"end":{"line":23,"column":4}}},"fnMap":{"0":{"name":"App","decl":{"start":{"line":13,"column":9},"end":{"line":13,"column":12}},"loc":{"start":{"line":13,"column":15},"end":{"line":24,"column":1}},"line":13}},"branchMap":{},"s":{"0":0},"f":{"0":0},"b":{}}
,"/Users/afroyogo/Projects/React/bbva-red-light-green-light/src/index.js": {"path":"/Users/afroyogo/Projects/React/bbva-red-light-green-light/src/index.js","statementMap":{"0":{"start":{"line":8,"column":0},"end":{"line":8,"column":58}},"1":{"start":{"line":13,"column":0},"end":{"line":13,"column":37}},"2":{"start":{"line":18,"column":0},"end":{"line":18,"column":18}}},"fnMap":{},"branchMap":{},"s":{"0":0,"1":0,"2":0},"f":{},"b":{}}
,"/Users/afroyogo/Projects/React/bbva-red-light-green-light/src/reportWebVitals.js": {"path":"/Users/afroyogo/Projects/React/bbva-red-light-green-light/src/reportWebVitals.js","statementMap":{"0":{"start":{"line":1,"column":24},"end":{"line":11,"column":1}},"1":{"start":{"line":2,"column":2},"end":{"line":10,"column":3}},"2":{"start":{"line":3,"column":4},"end":{"line":9,"column":7}},"3":{"start":{"line":4,"column":6},"end":{"line":4,"column":26}},"4":{"start":{"line":5,"column":6},"end":{"line":5,"column":26}},"5":{"start":{"line":6,"column":6},"end":{"line":6,"column":26}},"6":{"start":{"line":7,"column":6},"end":{"line":7,"column":26}},"7":{"start":{"line":8,"column":6},"end":{"line":8,"column":27}}},"fnMap":{"0":{"name":"(anonymous_0)","decl":{"start":{"line":1,"column":24},"end":{"line":1,"column":25}},"loc":{"start":{"line":1,"column":41},"end":{"line":11,"column":1}},"line":1},"1":{"name":"(anonymous_1)","decl":{"start":{"line":3,"column":30},"end":{"line":3,"column":31}},"loc":{"start":{"line":3,"column":79},"end":{"line":9,"column":5}},"line":3}},"branchMap":{"0":{"loc":{"start":{"line":2,"column":2},"end":{"line":10,"column":3}},"type":"if","locations":[{"start":{"line":2,"column":2},"end":{"line":10,"column":3}},{"start":{},"end":{}}],"line":2},"1":{"loc":{"start":{"line":2,"column":6},"end":{"line":2,"column":52}},"type":"binary-expr","locations":[{"start":{"line":2,"column":6},"end":{"line":2,"column":17}},{"start":{"line":2,"column":21},"end":{"line":2,"column":52}}],"line":2}},"s":{"0":0,"1":0,"2":0,"3":0,"4":0,"5":0,"6":0,"7":0},"f":{"0":0,"1":0},"b":{"0":[0,0],"1":[0,0]}}
,"/Users/afroyogo/Projects/React/bbva-red-light-green-light/src/service-worker.js": {"path":"/Users/afroyogo/Projects/React/bbva-red-light-green-light/src/service-worker.js","statementMap":{"0":{"start":{"line":16,"column":0},"end":{"line":16,"column":15}},"1":{"start":{"line":22,"column":0},"end":{"line":22,"column":37}},"2":{"start":{"line":27,"column":28},"end":{"line":27,"column":58}},"3":{"start":{"line":28,"column":0},"end":{"line":47,"column":2}},"4":{"start":{"line":32,"column":4},"end":{"line":34,"column":5}},"5":{"start":{"line":33,"column":6},"end":{"line":33,"column":19}},"6":{"start":{"line":36,"column":4},"end":{"line":38,"column":5}},"7":{"start":{"line":37,"column":6},"end":{"line":37,"column":19}},"8":{"start":{"line":40,"column":4},"end":{"line":42,"column":5}},"9":{"start":{"line":41,"column":6},"end":{"line":41,"column":19}},"10":{"start":{"line":44,"column":4},"end":{"line":44,"column":16}},"11":{"start":{"line":51,"column":0},"end":{"line":63,"column":2}},"12":{"start":{"line":54,"column":4},"end":{"line":54,"column":72}},"13":{"start":{"line":67,"column":0},"end":{"line":71,"column":3}},"14":{"start":{"line":68,"column":2},"end":{"line":70,"column":3}},"15":{"start":{"line":69,"column":4},"end":{"line":69,"column":23}}},"fnMap":{"0":{"name":"(anonymous_0)","decl":{"start":{"line":30,"column":2},"end":{"line":30,"column":3}},"loc":{"start":{"line":30,"column":24},"end":{"line":45,"column":3}},"line":30},"1":{"name":"(anonymous_1)","decl":{"start":{"line":53,"column":2},"end":{"line":53,"column":3}},"loc":{"start":{"line":54,"column":4},"end":{"line":54,"column":72}},"line":54},"2":{"name":"(anonymous_2)","decl":{"start":{"line":67,"column":33},"end":{"line":67,"column":34}},"loc":{"start":{"line":67,"column":44},"end":{"line":71,"column":1}},"line":67}},"branchMap":{"0":{"loc":{"start":{"line":32,"column":4},"end":{"line":34,"column":5}},"type":"if","locations":[{"start":{"line":32,"column":4},"end":{"line":34,"column":5}},{"start":{},"end":{}}],"line":32},"1":{"loc":{"start":{"line":36,"column":4},"end":{"line":38,"column":5}},"type":"if","locations":[{"start":{"line":36,"column":4},"end":{"line":38,"column":5}},{"start":{},"end":{}}],"line":36},"2":{"loc":{"start":{"line":40,"column":4},"end":{"line":42,"column":5}},"type":"if","locations":[{"start":{"line":40,"column":4},"end":{"line":42,"column":5}},{"start":{},"end":{}}],"line":40},"3":{"loc":{"start":{"line":54,"column":4},"end":{"line":54,"column":72}},"type":"binary-expr","locations":[{"start":{"line":54,"column":4},"end":{"line":54,"column":39}},{"start":{"line":54,"column":43},"end":{"line":54,"column":72}}],"line":54},"4":{"loc":{"start":{"line":68,"column":2},"end":{"line":70,"column":3}},"type":"if","locations":[{"start":{"line":68,"column":2},"end":{"line":70,"column":3}},{"start":{},"end":{}}],"line":68},"5":{"loc":{"start":{"line":68,"column":6},"end":{"line":68,"column":54}},"type":"binary-expr","locations":[{"start":{"line":68,"column":6},"end":{"line":68,"column":16}},{"start":{"line":68,"column":20},"end":{"line":68,"column":54}}],"line":68}},"s":{"0":0,"1":0,"2":0,"3":0,"4":0,"5":0,"6":0,"7":0,"8":0,"9":0,"10":0,"11":0,"12":0,"13":0,"14":0,"15":0},"f":{"0":0,"1":0,"2":0},"b":{"0":[0,0],"1":[0,0],"2":[0,0],"3":[0,0],"4":[0,0],"5":[0,0]}}
,"/Users/afroyogo/Projects/React/bbva-red-light-green-light/src/serviceWorkerRegistration.js": {"path":"/Users/afroyogo/Projects/React/bbva-red-light-green-light/src/serviceWorkerRegistration.js","statementMap":{"0":{"start":{"line":15,"column":20},"end":{"line":23,"column":1}},"1":{"start":{"line":26,"column":2},"end":{"line":56,"column":3}},"2":{"start":{"line":28,"column":22},"end":{"line":28,"column":75}},"3":{"start":{"line":29,"column":4},"end":{"line":34,"column":5}},"4":{"start":{"line":33,"column":6},"end":{"line":33,"column":13}},"5":{"start":{"line":36,"column":4},"end":{"line":55,"column":7}},"6":{"start":{"line":37,"column":20},"end":{"line":37,"column":65}},"7":{"start":{"line":39,"column":6},"end":{"line":54,"column":7}},"8":{"start":{"line":41,"column":8},"end":{"line":41,"column":47}},"9":{"start":{"line":45,"column":8},"end":{"line":50,"column":11}},"10":{"start":{"line":46,"column":10},"end":{"line":49,"column":12}},"11":{"start":{"line":53,"column":8},"end":{"line":53,"column":39}},"12":{"start":{"line":60,"column":2},"end":{"line":100,"column":7}},"13":{"start":{"line":63,"column":6},"end":{"line":96,"column":8}},"14":{"start":{"line":64,"column":33},"end":{"line":64,"column":56}},"15":{"start":{"line":65,"column":8},"end":{"line":67,"column":9}},"16":{"start":{"line":66,"column":10},"end":{"line":66,"column":17}},"17":{"start":{"line":68,"column":8},"end":{"line":95,"column":10}},"18":{"start":{"line":69,"column":10},"end":{"line":94,"column":11}},"19":{"start":{"line":70,"column":12},"end":{"line":93,"column":13}},"20":{"start":{"line":74,"column":14},"end":{"line":77,"column":16}},"21":{"start":{"line":80,"column":14},"end":{"line":82,"column":15}},"22":{"start":{"line":81,"column":16},"end":{"line":81,"column":46}},"23":{"start":{"line":87,"column":14},"end":{"line":87,"column":64}},"24":{"start":{"line":90,"column":14},"end":{"line":92,"column":15}},"25":{"start":{"line":91,"column":16},"end":{"line":91,"column":47}},"26":{"start":{"line":99,"column":6},"end":{"line":99,"column":72}},"27":{"start":{"line":105,"column":2},"end":{"line":130,"column":7}},"28":{"start":{"line":110,"column":26},"end":{"line":110,"column":62}},"29":{"start":{"line":111,"column":6},"end":{"line":124,"column":7}},"30":{"start":{"line":116,"column":8},"end":{"line":120,"column":11}},"31":{"start":{"line":117,"column":10},"end":{"line":119,"column":13}},"32":{"start":{"line":118,"column":12},"end":{"line":118,"column":37}},"33":{"start":{"line":123,"column":8},"end":{"line":123,"column":39}},"34":{"start":{"line":127,"column":6},"end":{"line":129,"column":8}},"35":{"start":{"line":134,"column":2},"end":{"line":142,"column":3}},"36":{"start":{"line":135,"column":4},"end":{"line":141,"column":9}},"37":{"start":{"line":137,"column":8},"end":{"line":137,"column":34}},"38":{"start":{"line":140,"column":8},"end":{"line":140,"column":37}}},"fnMap":{"0":{"name":"register","decl":{"start":{"line":25,"column":16},"end":{"line":25,"column":24}},"loc":{"start":{"line":25,"column":33},"end":{"line":57,"column":1}},"line":25},"1":{"name":"(anonymous_1)","decl":{"start":{"line":36,"column":36},"end":{"line":36,"column":37}},"loc":{"start":{"line":36,"column":42},"end":{"line":55,"column":5}},"line":36},"2":{"name":"(anonymous_2)","decl":{"start":{"line":45,"column":43},"end":{"line":45,"column":44}},"loc":{"start":{"line":45,"column":49},"end":{"line":50,"column":9}},"line":45},"3":{"name":"registerValidSW","decl":{"start":{"line":59,"column":9},"end":{"line":59,"column":24}},"loc":{"start":{"line":59,"column":40},"end":{"line":101,"column":1}},"line":59},"4":{"name":"(anonymous_4)","decl":{"start":{"line":62,"column":10},"end":{"line":62,"column":11}},"loc":{"start":{"line":62,"column":28},"end":{"line":97,"column":5}},"line":62},"5":{"name":"(anonymous_5)","decl":{"start":{"line":63,"column":35},"end":{"line":63,"column":36}},"loc":{"start":{"line":63,"column":41},"end":{"line":96,"column":7}},"line":63},"6":{"name":"(anonymous_6)","decl":{"start":{"line":68,"column":41},"end":{"line":68,"column":42}},"loc":{"start":{"line":68,"column":47},"end":{"line":95,"column":9}},"line":68},"7":{"name":"(anonymous_7)","decl":{"start":{"line":98,"column":11},"end":{"line":98,"column":12}},"loc":{"start":{"line":98,"column":22},"end":{"line":100,"column":5}},"line":98},"8":{"name":"checkValidServiceWorker","decl":{"start":{"line":103,"column":9},"end":{"line":103,"column":32}},"loc":{"start":{"line":103,"column":48},"end":{"line":131,"column":1}},"line":103},"9":{"name":"(anonymous_9)","decl":{"start":{"line":108,"column":10},"end":{"line":108,"column":11}},"loc":{"start":{"line":108,"column":24},"end":{"line":125,"column":5}},"line":108},"10":{"name":"(anonymous_10)","decl":{"start":{"line":116,"column":43},"end":{"line":116,"column":44}},"loc":{"start":{"line":116,"column":61},"end":{"line":120,"column":9}},"line":116},"11":{"name":"(anonymous_11)","decl":{"start":{"line":117,"column":41},"end":{"line":117,"column":42}},"loc":{"start":{"line":117,"column":47},"end":{"line":119,"column":11}},"line":117},"12":{"name":"(anonymous_12)","decl":{"start":{"line":126,"column":11},"end":{"line":126,"column":12}},"loc":{"start":{"line":126,"column":17},"end":{"line":130,"column":5}},"line":126},"13":{"name":"unregister","decl":{"start":{"line":133,"column":16},"end":{"line":133,"column":26}},"loc":{"start":{"line":133,"column":29},"end":{"line":143,"column":1}},"line":133},"14":{"name":"(anonymous_14)","decl":{"start":{"line":136,"column":12},"end":{"line":136,"column":13}},"loc":{"start":{"line":136,"column":30},"end":{"line":138,"column":7}},"line":136},"15":{"name":"(anonymous_15)","decl":{"start":{"line":139,"column":13},"end":{"line":139,"column":14}},"loc":{"start":{"line":139,"column":24},"end":{"line":141,"column":7}},"line":139}},"branchMap":{"0":{"loc":{"start":{"line":16,"column":2},"end":{"line":22,"column":5}},"type":"binary-expr","locations":[{"start":{"line":16,"column":2},"end":{"line":16,"column":42}},{"start":{"line":18,"column":4},"end":{"line":18,"column":40}},{"start":{"line":20,"column":4},"end":{"line":22,"column":5}}],"line":16},"1":{"loc":{"start":{"line":26,"column":2},"end":{"line":56,"column":3}},"type":"if","locations":[{"start":{"line":26,"column":2},"end":{"line":56,"column":3}},{"start":{},"end":{}}],"line":26},"2":{"loc":{"start":{"line":26,"column":6},"end":{"line":26,"column":75}},"type":"binary-expr","locations":[{"start":{"line":26,"column":6},"end":{"line":26,"column":43}},{"start":{"line":26,"column":47},"end":{"line":26,"column":75}}],"line":26},"3":{"loc":{"start":{"line":29,"column":4},"end":{"line":34,"column":5}},"type":"if","locations":[{"start":{"line":29,"column":4},"end":{"line":34,"column":5}},{"start":{},"end":{}}],"line":29},"4":{"loc":{"start":{"line":39,"column":6},"end":{"line":54,"column":7}},"type":"if","locations":[{"start":{"line":39,"column":6},"end":{"line":54,"column":7}},{"start":{"line":51,"column":13},"end":{"line":54,"column":7}}],"line":39},"5":{"loc":{"start":{"line":65,"column":8},"end":{"line":67,"column":9}},"type":"if","locations":[{"start":{"line":65,"column":8},"end":{"line":67,"column":9}},{"start":{},"end":{}}],"line":65},"6":{"loc":{"start":{"line":69,"column":10},"end":{"line":94,"column":11}},"type":"if","locations":[{"start":{"line":69,"column":10},"end":{"line":94,"column":11}},{"start":{},"end":{}}],"line":69},"7":{"loc":{"start":{"line":70,"column":12},"end":{"line":93,"column":13}},"type":"if","locations":[{"start":{"line":70,"column":12},"end":{"line":93,"column":13}},{"start":{"line":83,"column":19},"end":{"line":93,"column":13}}],"line":70},"8":{"loc":{"start":{"line":80,"column":14},"end":{"line":82,"column":15}},"type":"if","locations":[{"start":{"line":80,"column":14},"end":{"line":82,"column":15}},{"start":{},"end":{}}],"line":80},"9":{"loc":{"start":{"line":80,"column":18},"end":{"line":80,"column":43}},"type":"binary-expr","locations":[{"start":{"line":80,"column":18},"end":{"line":80,"column":24}},{"start":{"line":80,"column":28},"end":{"line":80,"column":43}}],"line":80},"10":{"loc":{"start":{"line":90,"column":14},"end":{"line":92,"column":15}},"type":"if","locations":[{"start":{"line":90,"column":14},"end":{"line":92,"column":15}},{"start":{},"end":{}}],"line":90},"11":{"loc":{"start":{"line":90,"column":18},"end":{"line":90,"column":44}},"type":"binary-expr","locations":[{"start":{"line":90,"column":18},"end":{"line":90,"column":24}},{"start":{"line":90,"column":28},"end":{"line":90,"column":44}}],"line":90},"12":{"loc":{"start":{"line":111,"column":6},"end":{"line":124,"column":7}},"type":"if","locations":[{"start":{"line":111,"column":6},"end":{"line":124,"column":7}},{"start":{"line":121,"column":13},"end":{"line":124,"column":7}}],"line":111},"13":{"loc":{"start":{"line":112,"column":8},"end":{"line":113,"column":95}},"type":"binary-expr","locations":[{"start":{"line":112,"column":8},"end":{"line":112,"column":44}},{"start":{"line":113,"column":9},"end":{"line":113,"column":29}},{"start":{"line":113,"column":33},"end":{"line":113,"column":94}}],"line":112},"14":{"loc":{"start":{"line":134,"column":2},"end":{"line":142,"column":3}},"type":"if","locations":[{"start":{"line":134,"column":2},"end":{"line":142,"column":3}},{"start":{},"end":{}}],"line":134}},"s":{"0":0,"1":0,"2":0,"3":0,"4":0,"5":0,"6":0,"7":0,"8":0,"9":0,"10":0,"11":0,"12":0,"13":0,"14":0,"15":0,"16":0,"17":0,"18":0,"19":0,"20":0,"21":0,"22":0,"23":0,"24":0,"25":0,"26":0,"27":0,"28":0,"29":0,"30":0,"31":0,"32":0,"33":0,"34":0,"35":0,"36":0,"37":0,"38":0},"f":{"0":0,"1":0,"2":0,"3":0,"4":0,"5":0,"6":0,"7":0,"8":0,"9":0,"10":0,"11":0,"12":0,"13":0,"14":0,"15":0},"b":{"0":[0,0,0],"1":[0,0],"2":[0,0],"3":[0,0],"4":[0,0],"5":[0,0],"6":[0,0],"7":[0,0],"8":[0,0],"9":[0,0],"10":[0,0],"11":[0,0],"12":[0,0],"13":[0,0,0],"14":[0,0]}}
,"/Users/afroyogo/Projects/React/bbva-red-light-green-light/src/components/GameButton.js": {"path":"/Users/afroyogo/Projects/React/bbva-red-light-green-light/src/components/GameButton.js","statementMap":{"0":{"start":{"line":4,"column":19},"end":{"line":10,"column":1}},"1":{"start":{"line":5,"column":2},"end":{"line":9,"column":4}},"2":{"start":{"line":12,"column":0},"end":{"line":17,"column":2}}},"fnMap":{"0":{"name":"(anonymous_0)","decl":{"start":{"line":4,"column":19},"end":{"line":4,"column":20}},"loc":{"start":{"line":4,"column":65},"end":{"line":10,"column":1}},"line":4}},"branchMap":{},"s":{"0":1,"1":2,"2":1},"f":{"0":2},"b":{},"_coverageSchema":"1a1c01bbd47fc00a2c39e90264f33305004495a9","hash":"b6d617ca6a6f30c6df7536b85a0d71ef22047681"}
,"/Users/afroyogo/Projects/React/bbva-red-light-green-light/src/components/GameInput.js": {"path":"/Users/afroyogo/Projects/React/bbva-red-light-green-light/src/components/GameInput.js","statementMap":{"0":{"start":{"line":6,"column":18},"end":{"line":15,"column":1}},"1":{"start":{"line":7,"column":2},"end":{"line":14,"column":4}},"2":{"start":{"line":18,"column":0},"end":{"line":20,"column":2}}},"fnMap":{"0":{"name":"(anonymous_0)","decl":{"start":{"line":6,"column":18},"end":{"line":6,"column":19}},"loc":{"start":{"line":6,"column":44},"end":{"line":15,"column":1}},"line":6}},"branchMap":{},"s":{"0":1,"1":2,"2":1},"f":{"0":2},"b":{},"_coverageSchema":"1a1c01bbd47fc00a2c39e90264f33305004495a9","hash":"f91a63a7d6b963d77f169fd17b81d65110e77074"}
,"/Users/afroyogo/Projects/React/bbva-red-light-green-light/src/components/GameText.js": {"path":"/Users/afroyogo/Projects/React/bbva-red-light-green-light/src/components/GameText.js","statementMap":{"0":{"start":{"line":4,"column":17},"end":{"line":6,"column":1}},"1":{"start":{"line":5,"column":2},"end":{"line":5,"column":75}},"2":{"start":{"line":8,"column":0},"end":{"line":11,"column":2}}},"fnMap":{"0":{"name":"(anonymous_0)","decl":{"start":{"line":4,"column":17},"end":{"line":4,"column":18}},"loc":{"start":{"line":4,"column":43},"end":{"line":6,"column":1}},"line":4}},"branchMap":{"0":{"loc":{"start":{"line":5,"column":23},"end":{"line":5,"column":62}},"type":"cond-expr","locations":[{"start":{"line":5,"column":36},"end":{"line":5,"column":46}},{"start":{"line":5,"column":49},"end":{"line":5,"column":62}}],"line":5}},"s":{"0":1,"1":3,"2":1},"f":{"0":3},"b":{"0":[1,2]},"_coverageSchema":"1a1c01bbd47fc00a2c39e90264f33305004495a9","hash":"0c1b7f9d8e9035833834d2605a94ca23d5e9eee9"}
,"/Users/afroyogo/Projects/React/bbva-red-light-green-light/src/components/ScoreboardEntry.js": {"path":"/Users/afroyogo/Projects/React/bbva-red-light-green-light/src/components/ScoreboardEntry.js","statementMap":{"0":{"start":{"line":4,"column":24},"end":{"line":11,"column":1}},"1":{"start":{"line":5,"column":2},"end":{"line":10,"column":4}},"2":{"start":{"line":13,"column":0},"end":{"line":15,"column":2}}},"fnMap":{"0":{"name":"(anonymous_0)","decl":{"start":{"line":4,"column":24},"end":{"line":4,"column":25}},"loc":{"start":{"line":4,"column":44},"end":{"line":11,"column":1}},"line":4}},"branchMap":{},"s":{"0":1,"1":1,"2":1},"f":{"0":1},"b":{},"_coverageSchema":"1a1c01bbd47fc00a2c39e90264f33305004495a9","hash":"00db1b5dd3c697395c103644dba4c51a09857c0d"}
,"/Users/afroyogo/Projects/React/bbva-red-light-green-light/src/services/dataPersistanceService.js": {"path":"/Users/afroyogo/Projects/React/bbva-red-light-green-light/src/services/dataPersistanceService.js","statementMap":{"0":{"start":{"line":5,"column":4},"end":{"line":8,"column":6}},"1":{"start":{"line":13,"column":4},"end":{"line":15,"column":47}},"2":{"start":{"line":20,"column":4},"end":{"line":23,"column":6}},"3":{"start":{"line":28,"column":19},"end":{"line":28,"column":78}},"4":{"start":{"line":29,"column":4},"end":{"line":29,"column":44}},"5":{"start":{"line":34,"column":4},"end":{"line":34,"column":62}},"6":{"start":{"line":40,"column":22},"end":{"line":40,"column":44}},"7":{"start":{"line":43,"column":25},"end":{"line":46,"column":5}},"8":{"start":{"line":49,"column":17},"end":{"line":56,"column":6}},"9":{"start":{"line":50,"column":6},"end":{"line":55,"column":7}},"10":{"start":{"line":51,"column":8},"end":{"line":53,"column":9}},"11":{"start":{"line":52,"column":10},"end":{"line":52,"column":53}},"12":{"start":{"line":54,"column":8},"end":{"line":54,"column":20}},"13":{"start":{"line":59,"column":4},"end":{"line":61,"column":5}},"14":{"start":{"line":60,"column":6},"end":{"line":60,"column":39}},"15":{"start":{"line":63,"column":4},"end":{"line":63,"column":58}},"16":{"start":{"line":63,"column":31},"end":{"line":63,"column":56}},"17":{"start":{"line":66,"column":4},"end":{"line":69,"column":6}},"18":{"start":{"line":74,"column":21},"end":{"line":74,"column":75}},"19":{"start":{"line":75,"column":4},"end":{"line":75,"column":56}}},"fnMap":{"0":{"name":"(anonymous_0)","decl":{"start":{"line":4,"column":2},"end":{"line":4,"column":3}},"loc":{"start":{"line":4,"column":32},"end":{"line":9,"column":3}},"line":4},"1":{"name":"(anonymous_1)","decl":{"start":{"line":12,"column":2},"end":{"line":12,"column":3}},"loc":{"start":{"line":12,"column":24},"end":{"line":16,"column":3}},"line":12},"2":{"name":"(anonymous_2)","decl":{"start":{"line":19,"column":2},"end":{"line":19,"column":3}},"loc":{"start":{"line":19,"column":33},"end":{"line":24,"column":3}},"line":19},"3":{"name":"(anonymous_3)","decl":{"start":{"line":27,"column":2},"end":{"line":27,"column":3}},"loc":{"start":{"line":27,"column":32},"end":{"line":30,"column":3}},"line":27},"4":{"name":"(anonymous_4)","decl":{"start":{"line":33,"column":2},"end":{"line":33,"column":3}},"loc":{"start":{"line":33,"column":32},"end":{"line":35,"column":3}},"line":33},"5":{"name":"(anonymous_5)","decl":{"start":{"line":38,"column":2},"end":{"line":38,"column":3}},"loc":{"start":{"line":38,"column":39},"end":{"line":70,"column":3}},"line":38},"6":{"name":"(anonymous_6)","decl":{"start":{"line":49,"column":34},"end":{"line":49,"column":35}},"loc":{"start":{"line":49,"column":45},"end":{"line":56,"column":5}},"line":49},"7":{"name":"(anonymous_7)","decl":{"start":{"line":63,"column":21},"end":{"line":63,"column":22}},"loc":{"start":{"line":63,"column":31},"end":{"line":63,"column":56}},"line":63},"8":{"name":"(anonymous_8)","decl":{"start":{"line":73,"column":2},"end":{"line":73,"column":3}},"loc":{"start":{"line":73,"column":27},"end":{"line":76,"column":3}},"line":73}},"branchMap":{"0":{"loc":{"start":{"line":29,"column":11},"end":{"line":29,"column":43}},"type":"binary-expr","locations":[{"start":{"line":29,"column":11},"end":{"line":29,"column":19}},{"start":{"line":29,"column":23},"end":{"line":29,"column":43}}],"line":29},"1":{"loc":{"start":{"line":50,"column":6},"end":{"line":55,"column":7}},"type":"if","locations":[{"start":{"line":50,"column":6},"end":{"line":55,"column":7}},{"start":{},"end":{}}],"line":50},"2":{"loc":{"start":{"line":51,"column":8},"end":{"line":53,"column":9}},"type":"if","locations":[{"start":{"line":51,"column":8},"end":{"line":53,"column":9}},{"start":{},"end":{}}],"line":51},"3":{"loc":{"start":{"line":59,"column":4},"end":{"line":61,"column":5}},"type":"if","locations":[{"start":{"line":59,"column":4},"end":{"line":61,"column":5}},{"start":{},"end":{}}],"line":59},"4":{"loc":{"start":{"line":75,"column":11},"end":{"line":75,"column":55}},"type":"binary-expr","locations":[{"start":{"line":75,"column":12},"end":{"line":75,"column":22}},{"start":{"line":75,"column":26},"end":{"line":75,"column":48}},{"start":{"line":75,"column":53},"end":{"line":75,"column":55}}],"line":75}},"s":{"0":1,"1":1,"2":1,"3":1,"4":1,"5":3,"6":1,"7":1,"8":1,"9":0,"10":0,"11":0,"12":0,"13":1,"14":1,"15":1,"16":0,"17":1,"18":2,"19":2},"f":{"0":1,"1":1,"2":1,"3":1,"4":3,"5":1,"6":0,"7":0,"8":2},"b":{"0":[1,1],"1":[0,0],"2":[0,0],"3":[1,0],"4":[2,1,1]},"_coverageSchema":"1a1c01bbd47fc00a2c39e90264f33305004495a9","hash":"077a7214468d0b3574fd743b93637026b77a8a14"}
,"/Users/afroyogo/Projects/React/bbva-red-light-green-light/src/services/gameService.js": {"path":"/Users/afroyogo/Projects/React/bbva-red-light-green-light/src/services/gameService.js","statementMap":{"0":{"start":{"line":7,"column":4},"end":{"line":7,"column":23}},"1":{"start":{"line":8,"column":4},"end":{"line":8,"column":21}},"2":{"start":{"line":9,"column":4},"end":{"line":9,"column":20}},"3":{"start":{"line":10,"column":4},"end":{"line":10,"column":33}},"4":{"start":{"line":13,"column":4},"end":{"line":13,"column":27}},"5":{"start":{"line":14,"column":4},"end":{"line":14,"column":32}},"6":{"start":{"line":16,"column":4},"end":{"line":16,"column":71}},"7":{"start":{"line":21,"column":26},"end":{"line":23,"column":5}},"8":{"start":{"line":24,"column":21},"end":{"line":24,"column":60}},"9":{"start":{"line":26,"column":4},"end":{"line":28,"column":5}},"10":{"start":{"line":27,"column":6},"end":{"line":27,"column":41}},"11":{"start":{"line":30,"column":4},"end":{"line":32,"column":22}},"12":{"start":{"line":37,"column":4},"end":{"line":37,"column":23}},"13":{"start":{"line":42,"column":4},"end":{"line":42,"column":46}},"14":{"start":{"line":43,"column":4},"end":{"line":46,"column":6}},"15":{"start":{"line":44,"column":12},"end":{"line":44,"column":35}},"16":{"start":{"line":51,"column":4},"end":{"line":54,"column":6}},"17":{"start":{"line":52,"column":12},"end":{"line":52,"column":33}},"18":{"start":{"line":59,"column":4},"end":{"line":59,"column":26}},"19":{"start":{"line":60,"column":4},"end":{"line":60,"column":24}},"20":{"start":{"line":65,"column":4},"end":{"line":65,"column":46}},"21":{"start":{"line":70,"column":4},"end":{"line":70,"column":44}},"22":{"start":{"line":75,"column":4},"end":{"line":75,"column":48}},"23":{"start":{"line":80,"column":4},"end":{"line":80,"column":47}},"24":{"start":{"line":85,"column":23},"end":{"line":85,"column":43}},"25":{"start":{"line":87,"column":0},"end":{"line":96,"column":2}},"26":{"start":{"line":88,"column":16},"end":{"line":88,"column":43}},"27":{"start":{"line":90,"column":2},"end":{"line":90,"column":18}},"28":{"start":{"line":91,"column":2},"end":{"line":91,"column":22}},"29":{"start":{"line":93,"column":2},"end":{"line":93,"column":30}},"30":{"start":{"line":95,"column":2},"end":{"line":95,"column":40}}},"fnMap":{"0":{"name":"(anonymous_0)","decl":{"start":{"line":5,"column":2},"end":{"line":5,"column":3}},"loc":{"start":{"line":5,"column":30},"end":{"line":17,"column":3}},"line":5},"1":{"name":"(anonymous_1)","decl":{"start":{"line":20,"column":2},"end":{"line":20,"column":3}},"loc":{"start":{"line":20,"column":16},"end":{"line":33,"column":3}},"line":20},"2":{"name":"(anonymous_2)","decl":{"start":{"line":36,"column":2},"end":{"line":36,"column":3}},"loc":{"start":{"line":36,"column":18},"end":{"line":38,"column":3}},"line":36},"3":{"name":"(anonymous_3)","decl":{"start":{"line":41,"column":2},"end":{"line":41,"column":3}},"loc":{"start":{"line":41,"column":20},"end":{"line":47,"column":3}},"line":41},"4":{"name":"(anonymous_4)","decl":{"start":{"line":44,"column":6},"end":{"line":44,"column":7}},"loc":{"start":{"line":44,"column":12},"end":{"line":44,"column":35}},"line":44},"5":{"name":"(anonymous_5)","decl":{"start":{"line":50,"column":2},"end":{"line":50,"column":3}},"loc":{"start":{"line":50,"column":18},"end":{"line":55,"column":3}},"line":50},"6":{"name":"(anonymous_6)","decl":{"start":{"line":52,"column":6},"end":{"line":52,"column":7}},"loc":{"start":{"line":52,"column":12},"end":{"line":52,"column":33}},"line":52},"7":{"name":"(anonymous_7)","decl":{"start":{"line":58,"column":2},"end":{"line":58,"column":3}},"loc":{"start":{"line":58,"column":18},"end":{"line":61,"column":3}},"line":58},"8":{"name":"(anonymous_8)","decl":{"start":{"line":64,"column":2},"end":{"line":64,"column":3}},"loc":{"start":{"line":64,"column":19},"end":{"line":66,"column":3}},"line":64},"9":{"name":"(anonymous_9)","decl":{"start":{"line":69,"column":2},"end":{"line":69,"column":3}},"loc":{"start":{"line":69,"column":17},"end":{"line":71,"column":3}},"line":69},"10":{"name":"(anonymous_10)","decl":{"start":{"line":74,"column":2},"end":{"line":74,"column":3}},"loc":{"start":{"line":74,"column":21},"end":{"line":76,"column":3}},"line":74},"11":{"name":"(anonymous_11)","decl":{"start":{"line":79,"column":2},"end":{"line":79,"column":3}},"loc":{"start":{"line":79,"column":19},"end":{"line":81,"column":3}},"line":79},"12":{"name":"(anonymous_12)","decl":{"start":{"line":87,"column":23},"end":{"line":87,"column":24}},"loc":{"start":{"line":87,"column":45},"end":{"line":96,"column":1}},"line":87}},"branchMap":{"0":{"loc":{"start":{"line":16,"column":4},"end":{"line":16,"column":70}},"type":"cond-expr","locations":[{"start":{"line":16,"column":25},"end":{"line":16,"column":47}},{"start":{"line":16,"column":50},"end":{"line":16,"column":70}}],"line":16},"1":{"loc":{"start":{"line":26,"column":4},"end":{"line":28,"column":5}},"type":"if","locations":[{"start":{"line":26,"column":4},"end":{"line":28,"column":5}},{"start":{},"end":{}}],"line":26}},"s":{"0":10,"1":10,"2":10,"3":10,"4":10,"5":10,"6":10,"7":7,"8":7,"9":7,"10":0,"11":7,"12":1,"13":7,"14":7,"15":0,"16":5,"17":0,"18":1,"19":1,"20":2,"21":2,"22":1,"23":1,"24":1,"25":1,"26":0,"27":0,"28":0,"29":0,"30":0},"f":{"0":10,"1":7,"2":1,"3":7,"4":0,"5":5,"6":0,"7":1,"8":2,"9":2,"10":1,"11":1,"12":0},"b":{"0":[6,4],"1":[0,7]},"_coverageSchema":"1a1c01bbd47fc00a2c39e90264f33305004495a9","hash":"c96e6d17dbbe6f5ab31f6522d0d15f4c2963da0f"}
,"/Users/afroyogo/Projects/React/bbva-red-light-green-light/src/services/withRouter.js": {"path":"/Users/afroyogo/Projects/React/bbva-red-light-green-light/src/services/withRouter.js","statementMap":{"0":{"start":{"line":5,"column":26},"end":{"line":13,"column":1}},"1":{"start":{"line":6,"column":18},"end":{"line":10,"column":3}},"2":{"start":{"line":7,"column":21},"end":{"line":7,"column":34}},"3":{"start":{"line":9,"column":4},"end":{"line":9,"column":56}},"4":{"start":{"line":12,"column":2},"end":{"line":12,"column":17}}},"fnMap":{"0":{"name":"(anonymous_0)","decl":{"start":{"line":5,"column":26},"end":{"line":5,"column":27}},"loc":{"start":{"line":5,"column":41},"end":{"line":13,"column":1}},"line":5},"1":{"name":"(anonymous_1)","decl":{"start":{"line":6,"column":18},"end":{"line":6,"column":19}},"loc":{"start":{"line":6,"column":29},"end":{"line":10,"column":3}},"line":6}},"branchMap":{},"s":{"0":1,"1":0,"2":0,"3":0,"4":0},"f":{"0":0,"1":0},"b":{},"_coverageSchema":"1a1c01bbd47fc00a2c39e90264f33305004495a9","hash":"146c44dfa42e8bf9d03aa012ecfab7679da2a6db"}
,"/Users/afroyogo/Projects/React/bbva-red-light-green-light/src/utils/constants.js": {"path":"/Users/afroyogo/Projects/React/bbva-red-light-green-light/src/utils/constants.js","statementMap":{"0":{"start":{"line":1,"column":23},"end":{"line":12,"column":1}},"1":{"start":{"line":14,"column":23},"end":{"line":30,"column":1}}},"fnMap":{},"branchMap":{},"s":{"0":3,"1":3},"f":{},"b":{},"_coverageSchema":"1a1c01bbd47fc00a2c39e90264f33305004495a9","hash":"5eedada15895507bb1d936cb786e8f84d09e98df"}
,"/Users/afroyogo/Projects/React/bbva-red-light-green-light/src/views/Game.js": {"path":"/Users/afroyogo/Projects/React/bbva-red-light-green-light/src/views/Game.js","statementMap":{"0":{"start":{"line":19,"column":4},"end":{"line":19,"column":17}},"1":{"start":{"line":21,"column":4},"end":{"line":27,"column":6}},"2":{"start":{"line":30,"column":4},"end":{"line":30,"column":51}},"3":{"start":{"line":31,"column":4},"end":{"line":31,"column":45}},"4":{"start":{"line":32,"column":4},"end":{"line":32,"column":57}},"5":{"start":{"line":37,"column":24},"end":{"line":39,"column":5}},"6":{"start":{"line":41,"column":21},"end":{"line":41,"column":71}},"7":{"start":{"line":42,"column":28},"end":{"line":44,"column":20}},"8":{"start":{"line":45,"column":33},"end":{"line":45,"column":77}},"9":{"start":{"line":47,"column":4},"end":{"line":51,"column":7}},"10":{"start":{"line":53,"column":4},"end":{"line":53,"column":66}},"11":{"start":{"line":54,"column":4},"end":{"line":54,"column":67}},"12":{"start":{"line":60,"column":26},"end":{"line":60,"column":66}},"13":{"start":{"line":62,"column":4},"end":{"line":66,"column":5}},"14":{"start":{"line":63,"column":6},"end":{"line":63,"column":32}},"15":{"start":{"line":64,"column":11},"end":{"line":66,"column":5}},"16":{"start":{"line":65,"column":6},"end":{"line":65,"column":30}},"17":{"start":{"line":67,"column":4},"end":{"line":67,"column":20}},"18":{"start":{"line":72,"column":4},"end":{"line":72,"column":28}},"19":{"start":{"line":73,"column":4},"end":{"line":73,"column":70}},"20":{"start":{"line":79,"column":6},"end":{"line":81,"column":33}},"21":{"start":{"line":82,"column":16},"end":{"line":82,"column":32}},"22":{"start":{"line":83,"column":18},"end":{"line":83,"column":38}},"23":{"start":{"line":85,"column":4},"end":{"line":96,"column":5}},"24":{"start":{"line":86,"column":6},"end":{"line":93,"column":7}},"25":{"start":{"line":90,"column":8},"end":{"line":90,"column":16}},"26":{"start":{"line":92,"column":8},"end":{"line":92,"column":16}},"27":{"start":{"line":95,"column":6},"end":{"line":95,"column":27}},"28":{"start":{"line":98,"column":4},"end":{"line":100,"column":5}},"29":{"start":{"line":99,"column":6},"end":{"line":99,"column":22}},"30":{"start":{"line":103,"column":4},"end":{"line":107,"column":7}},"31":{"start":{"line":110,"column":4},"end":{"line":110,"column":28}},"32":{"start":{"line":115,"column":19},"end":{"line":120,"column":5}},"33":{"start":{"line":121,"column":4},"end":{"line":121,"column":71}},"34":{"start":{"line":122,"column":4},"end":{"line":125,"column":6}},"35":{"start":{"line":130,"column":4},"end":{"line":135,"column":5}},"36":{"start":{"line":131,"column":21},"end":{"line":131,"column":26}},"37":{"start":{"line":132,"column":6},"end":{"line":134,"column":7}},"38":{"start":{"line":133,"column":8},"end":{"line":133,"column":44}},"39":{"start":{"line":139,"column":4},"end":{"line":177,"column":6}},"40":{"start":{"line":146,"column":14},"end":{"line":146,"column":43}},"41":{"start":{"line":168,"column":27},"end":{"line":168,"column":65}},"42":{"start":{"line":173,"column":27},"end":{"line":173,"column":66}},"43":{"start":{"line":181,"column":0},"end":{"line":183,"column":2}}},"fnMap":{"0":{"name":"(anonymous_0)","decl":{"start":{"line":18,"column":2},"end":{"line":18,"column":3}},"loc":{"start":{"line":18,"column":21},"end":{"line":33,"column":3}},"line":18},"1":{"name":"(anonymous_1)","decl":{"start":{"line":36,"column":2},"end":{"line":36,"column":3}},"loc":{"start":{"line":36,"column":22},"end":{"line":55,"column":3}},"line":36},"2":{"name":"(anonymous_2)","decl":{"start":{"line":58,"column":2},"end":{"line":58,"column":3}},"loc":{"start":{"line":58,"column":43},"end":{"line":68,"column":3}},"line":58},"3":{"name":"(anonymous_3)","decl":{"start":{"line":71,"column":2},"end":{"line":71,"column":3}},"loc":{"start":{"line":71,"column":25},"end":{"line":74,"column":3}},"line":71},"4":{"name":"(anonymous_4)","decl":{"start":{"line":77,"column":2},"end":{"line":77,"column":3}},"loc":{"start":{"line":77,"column":29},"end":{"line":111,"column":3}},"line":77},"5":{"name":"(anonymous_5)","decl":{"start":{"line":114,"column":2},"end":{"line":114,"column":3}},"loc":{"start":{"line":114,"column":13},"end":{"line":126,"column":3}},"line":114},"6":{"name":"(anonymous_6)","decl":{"start":{"line":129,"column":2},"end":{"line":129,"column":3}},"loc":{"start":{"line":129,"column":20},"end":{"line":136,"column":3}},"line":129},"7":{"name":"(anonymous_7)","decl":{"start":{"line":138,"column":2},"end":{"line":138,"column":3}},"loc":{"start":{"line":138,"column":11},"end":{"line":178,"column":3}},"line":138},"8":{"name":"(anonymous_8)","decl":{"start":{"line":145,"column":21},"end":{"line":145,"column":22}},"loc":{"start":{"line":145,"column":27},"end":{"line":147,"column":13}},"line":145},"9":{"name":"(anonymous_9)","decl":{"start":{"line":168,"column":21},"end":{"line":168,"column":22}},"loc":{"start":{"line":168,"column":27},"end":{"line":168,"column":65}},"line":168},"10":{"name":"(anonymous_10)","decl":{"start":{"line":173,"column":21},"end":{"line":173,"column":22}},"loc":{"start":{"line":173,"column":27},"end":{"line":173,"column":66}},"line":173}},"branchMap":{"0":{"loc":{"start":{"line":41,"column":21},"end":{"line":41,"column":71}},"type":"cond-expr","locations":[{"start":{"line":41,"column":37},"end":{"line":41,"column":56}},{"start":{"line":41,"column":59},"end":{"line":41,"column":71}}],"line":41},"1":{"loc":{"start":{"line":42,"column":28},"end":{"line":44,"column":20}},"type":"cond-expr","locations":[{"start":{"line":43,"column":8},"end":{"line":43,"column":31}},{"start":{"line":44,"column":8},"end":{"line":44,"column":20}}],"line":42},"2":{"loc":{"start":{"line":45,"column":33},"end":{"line":45,"column":77}},"type":"cond-expr","locations":[{"start":{"line":45,"column":49},"end":{"line":45,"column":70}},{"start":{"line":45,"column":73},"end":{"line":45,"column":77}}],"line":45},"3":{"loc":{"start":{"line":62,"column":4},"end":{"line":66,"column":5}},"type":"if","locations":[{"start":{"line":62,"column":4},"end":{"line":66,"column":5}},{"start":{"line":64,"column":11},"end":{"line":66,"column":5}}],"line":62},"4":{"loc":{"start":{"line":62,"column":8},"end":{"line":62,"column":45}},"type":"binary-expr","locations":[{"start":{"line":62,"column":8},"end":{"line":62,"column":23}},{"start":{"line":62,"column":27},"end":{"line":62,"column":45}}],"line":62},"5":{"loc":{"start":{"line":64,"column":11},"end":{"line":66,"column":5}},"type":"if","locations":[{"start":{"line":64,"column":11},"end":{"line":66,"column":5}},{"start":{},"end":{}}],"line":64},"6":{"loc":{"start":{"line":64,"column":15},"end":{"line":64,"column":53}},"type":"binary-expr","locations":[{"start":{"line":64,"column":15},"end":{"line":64,"column":30}},{"start":{"line":64,"column":34},"end":{"line":64,"column":53}}],"line":64},"7":{"loc":{"start":{"line":79,"column":6},"end":{"line":81,"column":33}},"type":"cond-expr","locations":[{"start":{"line":80,"column":10},"end":{"line":80,"column":32}},{"start":{"line":81,"column":10},"end":{"line":81,"column":33}}],"line":79},"8":{"loc":{"start":{"line":85,"column":4},"end":{"line":96,"column":5}},"type":"if","locations":[{"start":{"line":85,"column":4},"end":{"line":96,"column":5}},{"start":{"line":94,"column":11},"end":{"line":96,"column":5}}],"line":85},"9":{"loc":{"start":{"line":86,"column":6},"end":{"line":93,"column":7}},"type":"if","locations":[{"start":{"line":86,"column":6},"end":{"line":93,"column":7}},{"start":{"line":91,"column":13},"end":{"line":93,"column":7}}],"line":86},"10":{"loc":{"start":{"line":87,"column":8},"end":{"line":88,"column":39}},"type":"binary-expr","locations":[{"start":{"line":87,"column":8},"end":{"line":87,"column":67}},{"start":{"line":88,"column":8},"end":{"line":88,"column":39}}],"line":87},"11":{"loc":{"start":{"line":98,"column":4},"end":{"line":100,"column":5}},"type":"if","locations":[{"start":{"line":98,"column":4},"end":{"line":100,"column":5}},{"start":{},"end":{}}],"line":98},"12":{"loc":{"start":{"line":130,"column":4},"end":{"line":135,"column":5}},"type":"if","locations":[{"start":{"line":130,"column":4},"end":{"line":135,"column":5}},{"start":{},"end":{}}],"line":130},"13":{"loc":{"start":{"line":132,"column":6},"end":{"line":134,"column":7}},"type":"if","locations":[{"start":{"line":132,"column":6},"end":{"line":134,"column":7}},{"start":{},"end":{}}],"line":132},"14":{"loc":{"start":{"line":155,"column":11},"end":{"line":159,"column":11}},"type":"cond-expr","locations":[{"start":{"line":156,"column":12},"end":{"line":156,"column":68}},{"start":{"line":158,"column":12},"end":{"line":158,"column":66}}],"line":155}},"s":{"0":0,"1":0,"2":0,"3":0,"4":0,"5":0,"6":0,"7":0,"8":0,"9":0,"10":0,"11":0,"12":0,"13":0,"14":0,"15":0,"16":0,"17":0,"18":0,"19":0,"20":0,"21":0,"22":0,"23":0,"24":0,"25":0,"26":0,"27":0,"28":0,"29":0,"30":0,"31":0,"32":0,"33":0,"34":0,"35":0,"36":0,"37":0,"38":0,"39":0,"40":0,"41":0,"42":0,"43":0},"f":{"0":0,"1":0,"2":0,"3":0,"4":0,"5":0,"6":0,"7":0,"8":0,"9":0,"10":0},"b":{"0":[0,0],"1":[0,0],"2":[0,0],"3":[0,0],"4":[0,0],"5":[0,0],"6":[0,0],"7":[0,0],"8":[0,0],"9":[0,0],"10":[0,0],"11":[0,0],"12":[0,0],"13":[0,0],"14":[0,0]}}
,"/Users/afroyogo/Projects/React/bbva-red-light-green-light/src/views/Home.js": {"path":"/Users/afroyogo/Projects/React/bbva-red-light-green-light/src/views/Home.js","statementMap":{"0":{"start":{"line":15,"column":34},"end":{"line":15,"column":44}},"1":{"start":{"line":16,"column":44},"end":{"line":16,"column":58}},"2":{"start":{"line":17,"column":19},"end":{"line":17,"column":32}},"3":{"start":{"line":21,"column":4},"end":{"line":21,"column":39}},"4":{"start":{"line":26,"column":4},"end":{"line":32,"column":5}},"5":{"start":{"line":27,"column":6},"end":{"line":27,"column":59}},"6":{"start":{"line":28,"column":6},"end":{"line":28,"column":24}},"7":{"start":{"line":29,"column":6},"end":{"line":29,"column":29}},"8":{"start":{"line":31,"column":6},"end":{"line":31,"column":30}},"9":{"start":{"line":36,"column":4},"end":{"line":36,"column":28}},"10":{"start":{"line":39,"column":2},"end":{"line":65,"column":4}}},"fnMap":{"0":{"name":"Home","decl":{"start":{"line":14,"column":9},"end":{"line":14,"column":13}},"loc":{"start":{"line":14,"column":16},"end":{"line":66,"column":1}},"line":14},"1":{"name":"updateUsername","decl":{"start":{"line":20,"column":11},"end":{"line":20,"column":25}},"loc":{"start":{"line":20,"column":29},"end":{"line":22,"column":3}},"line":20},"2":{"name":"handleJoinClick","decl":{"start":{"line":25,"column":11},"end":{"line":25,"column":26}},"loc":{"start":{"line":25,"column":29},"end":{"line":33,"column":3}},"line":25},"3":{"name":"handleScoreboardClick","decl":{"start":{"line":35,"column":11},"end":{"line":35,"column":32}},"loc":{"start":{"line":35,"column":35},"end":{"line":37,"column":3}},"line":35}},"branchMap":{"0":{"loc":{"start":{"line":26,"column":4},"end":{"line":32,"column":5}},"type":"if","locations":[{"start":{"line":26,"column":4},"end":{"line":32,"column":5}},{"start":{"line":30,"column":11},"end":{"line":32,"column":5}}],"line":26},"1":{"loc":{"start":{"line":26,"column":8},"end":{"line":26,"column":62}},"type":"binary-expr","locations":[{"start":{"line":26,"column":8},"end":{"line":26,"column":16}},{"start":{"line":26,"column":20},"end":{"line":26,"column":62}}],"line":26},"2":{"loc":{"start":{"line":59,"column":9},"end":{"line":61,"column":9}},"type":"binary-expr","locations":[{"start":{"line":59,"column":9},"end":{"line":59,"column":23}},{"start":{"line":60,"column":10},"end":{"line":60,"column":78}}],"line":59}},"s":{"0":0,"1":0,"2":0,"3":0,"4":0,"5":0,"6":0,"7":0,"8":0,"9":0,"10":0},"f":{"0":0,"1":0,"2":0,"3":0},"b":{"0":[0,0],"1":[0,0],"2":[0,0]}}
,"/Users/afroyogo/Projects/React/bbva-red-light-green-light/src/views/Scoreboard.js": {"path":"/Users/afroyogo/Projects/React/bbva-red-light-green-light/src/views/Scoreboard.js","statementMap":{"0":{"start":{"line":11,"column":19},"end":{"line":11,"column":32}},"1":{"start":{"line":12,"column":24},"end":{"line":12,"column":64}},"2":{"start":{"line":14,"column":2},"end":{"line":14,"column":43}},"3":{"start":{"line":17,"column":4},"end":{"line":17,"column":22}},"4":{"start":{"line":20,"column":2},"end":{"line":43,"column":4}},"5":{"start":{"line":26,"column":25},"end":{"line":26,"column":33}},"6":{"start":{"line":38,"column":10},"end":{"line":38,"column":49}},"7":{"start":{"line":39,"column":10},"end":{"line":39,"column":75}}},"fnMap":{"0":{"name":"Scoreboard","decl":{"start":{"line":10,"column":9},"end":{"line":10,"column":19}},"loc":{"start":{"line":10,"column":22},"end":{"line":44,"column":1}},"line":10},"1":{"name":"goBack","decl":{"start":{"line":16,"column":11},"end":{"line":16,"column":17}},"loc":{"start":{"line":16,"column":20},"end":{"line":18,"column":3}},"line":16},"2":{"name":"(anonymous_2)","decl":{"start":{"line":26,"column":19},"end":{"line":26,"column":20}},"loc":{"start":{"line":26,"column":25},"end":{"line":26,"column":33}},"line":26},"3":{"name":"(anonymous_3)","decl":{"start":{"line":37,"column":27},"end":{"line":37,"column":28}},"loc":{"start":{"line":37,"column":43},"end":{"line":40,"column":9}},"line":37}},"branchMap":{},"s":{"0":0,"1":0,"2":0,"3":0,"4":0,"5":0,"6":0,"7":0},"f":{"0":0,"1":0,"2":0,"3":0},"b":{}}
}
