TN:
SF:src/components/GameButton.js
FN:4,(anonymous_0)
FNF:1
FNH:1
FNDA:8,(anonymous_0)
DA:4,2
DA:5,8
DA:12,2
LF:3
LH:3
BRF:0
BRH:0
end_of_record
TN:
SF:src/components/GameInput.js
FN:6,(anonymous_0)
FNF:1
FNH:1
FNDA:2,(anonymous_0)
DA:6,1
DA:7,2
DA:18,1
LF:3
LH:3
BRF:0
BRH:0
end_of_record
TN:
SF:src/components/GameText.js
FN:4,(anonymous_0)
FNF:1
FNH:1
FNDA:3,(anonymous_0)
DA:4,1
DA:5,3
DA:8,1
LF:3
LH:3
BRDA:5,0,0,1
BRDA:5,0,1,2
BRF:2
BRH:2
end_of_record
TN:
SF:src/components/ScoreboardEntry.js
FN:4,(anonymous_0)
FNF:1
FNH:1
FNDA:1,(anonymous_0)
DA:4,1
DA:5,1
DA:13,1
LF:3
LH:3
BRF:0
BRH:0
end_of_record
TN:
SF:src/services/dataPersistanceService.js
FN:4,(anonymous_0)
FN:12,(anonymous_1)
FN:20,(anonymous_2)
FN:28,(anonymous_3)
FN:34,(anonymous_4)
FN:39,(anonymous_5)
FN:50,(anonymous_6)
FN:64,(anonymous_7)
FN:74,(anonymous_8)
FNF:9
FNH:8
FNDA:1,(anonymous_0)
FNDA:3,(anonymous_1)
FNDA:9,(anonymous_2)
FNDA:3,(anonymous_3)
FNDA:3,(anonymous_4)
FNDA:9,(anonymous_5)
FNDA:7,(anonymous_6)
FNDA:0,(anonymous_7)
FNDA:10,(anonymous_8)
DA:5,1
DA:13,3
DA:15,3
DA:21,9
DA:29,3
DA:30,3
DA:35,3
DA:41,9
DA:44,9
DA:50,9
DA:51,7
DA:52,7
DA:53,1
DA:55,7
DA:60,9
DA:61,2
DA:64,9
DA:67,9
DA:75,10
DA:76,10
LF:20
LH:20
BRDA:15,0,0,3
BRDA:15,0,1,1
BRDA:30,1,0,3
BRDA:30,1,1,2
BRDA:51,2,0,7
BRDA:51,2,1,0
BRDA:52,3,0,1
BRDA:52,3,1,6
BRDA:60,4,0,2
BRDA:60,4,1,7
BRDA:76,5,0,10
BRDA:76,5,1,8
BRDA:76,5,2,2
BRF:13
BRH:12
end_of_record
TN:
SF:src/services/gameService.js
FN:5,(anonymous_0)
FN:20,(anonymous_1)
FN:36,(anonymous_2)
FN:41,(anonymous_3)
FN:44,(anonymous_4)
FN:50,(anonymous_5)
FN:52,(anonymous_6)
FN:58,(anonymous_7)
FN:64,(anonymous_8)
FN:69,(anonymous_9)
FN:74,(anonymous_10)
FN:79,(anonymous_11)
FN:87,(anonymous_12)
FNF:13
FNH:10
FNDA:12,(anonymous_0)
FNDA:10,(anonymous_1)
FNDA:4,(anonymous_2)
FNDA:10,(anonymous_3)
FNDA:0,(anonymous_4)
FNDA:7,(anonymous_5)
FNDA:0,(anonymous_6)
FNDA:2,(anonymous_7)
FNDA:3,(anonymous_8)
FNDA:3,(anonymous_9)
FNDA:1,(anonymous_10)
FNDA:1,(anonymous_11)
FNDA:0,(anonymous_12)
DA:7,12
DA:8,12
DA:9,12
DA:10,12
DA:13,12
DA:14,12
DA:16,12
DA:21,10
DA:24,10
DA:26,10
DA:27,0
DA:30,10
DA:37,4
DA:42,10
DA:43,10
DA:44,0
DA:51,7
DA:52,0
DA:59,2
DA:60,2
DA:65,3
DA:70,3
DA:75,1
DA:80,1
DA:85,2
DA:87,2
DA:88,0
DA:90,0
DA:91,0
DA:93,0
DA:95,0
LF:31
LH:23
BRDA:16,0,0,8
BRDA:16,0,1,4
BRDA:26,1,0,0
BRDA:26,1,1,10
BRF:4
BRH:3
end_of_record
TN:
SF:src/views/Game.js
FN:18,(anonymous_0)
FN:36,(anonymous_1)
FN:58,(anonymous_2)
FN:71,(anonymous_3)
FN:77,(anonymous_4)
FN:114,(anonymous_5)
FN:129,(anonymous_6)
FN:138,(anonymous_7)
FN:145,(anonymous_8)
FN:168,(anonymous_9)
FN:173,(anonymous_10)
FNF:11
FNH:8
FNDA:2,(anonymous_0)
FNDA:2,(anonymous_1)
FNDA:8,(anonymous_2)
FNDA:1,(anonymous_3)
FNDA:3,(anonymous_4)
FNDA:8,(anonymous_5)
FNDA:1,(anonymous_6)
FNDA:10,(anonymous_7)
FNDA:0,(anonymous_8)
FNDA:0,(anonymous_9)
FNDA:0,(anonymous_10)
DA:19,2
DA:21,2
DA:30,2
DA:31,2
DA:32,2
DA:37,2
DA:41,2
DA:42,2
DA:45,2
DA:47,2
DA:53,2
DA:54,2
DA:60,8
DA:62,8
DA:63,1
DA:64,7
DA:65,2
DA:67,8
DA:72,1
DA:73,1
DA:79,3
DA:82,3
DA:83,3
DA:85,3
DA:86,2
DA:90,1
DA:92,1
DA:95,1
DA:98,3
DA:99,1
DA:103,3
DA:110,3
DA:115,8
DA:121,8
DA:122,8
DA:130,1
DA:131,0
DA:132,0
DA:133,0
DA:139,10
DA:146,0
DA:168,0
DA:173,0
DA:181,1
LF:44
LH:38
BRDA:41,0,0,1
BRDA:41,0,1,1
BRDA:42,1,0,1
BRDA:42,1,1,1
BRDA:45,2,0,1
BRDA:45,2,1,1
BRDA:62,3,0,1
BRDA:62,3,1,7
BRDA:62,4,0,8
BRDA:62,4,1,3
BRDA:64,5,0,2
BRDA:64,5,1,5
BRDA:64,6,0,7
BRDA:64,6,1,2
BRDA:79,7,0,0
BRDA:79,7,1,3
BRDA:85,8,0,2
BRDA:85,8,1,1
BRDA:86,9,0,1
BRDA:86,9,1,1
BRDA:87,10,0,2
BRDA:87,10,1,1
BRDA:98,11,0,1
BRDA:98,11,1,2
BRDA:130,12,0,0
BRDA:130,12,1,1
BRDA:132,13,0,0
BRDA:132,13,1,0
BRDA:155,14,0,7
BRDA:155,14,1,3
BRF:30
BRH:26
end_of_record
